<?xml version="1.0" encoding="UTF-8"?>
<testsuite xmlns:xsi="http://www.w3.org/2001/XMLSchema-instance" xsi:noNamespaceSchemaLocation="https://maven.apache.org/surefire/maven-surefire-plugin/xsd/surefire-test-report-3.0.xsd" version="3.0" name="TestSuite" time="47.818" tests="1" errors="0" skipped="0" failures="0">
  <properties>
[...]
</properties>
  <testcase name="UpdateProfile" classname="com.naukri.testCases.refreshTest" time="19.575">
    <system-out><![CDATA[Unable to read Excel Data.\TestData\Login.xlsx (The system cannot find the path specified)
[Configuration] [WARN] Detected a static method [com.naukri.testCases.BaseClass.launchChrome()]. Static configuration methods can cause  unexpected behavior.
[Configuration] [WARN] Detected a static method [com.naukri.testCases.BaseClass.tearDown()]. Static configuration methods can cause  unexpected behavior.
launched Browser
Entered into Refresh Test
bhavarrahul1313@gmail.com
Experience@rp1328
before log in pass
Test Pass Successful Log in
before
Summary Updated
Test pass Sucessfull------------
]]></system-out>
    <system-err><![CDATA[SLF4J: Failed to load class "org.slf4j.impl.StaticLoggerBinder".
SLF4J: Defaulting to no-operation (NOP) logger implementation
SLF4J: See http://www.slf4j.org/codes.html#StaticLoggerBinder for further details.
ERROR StatusLogger Log4j2 could not find a logging implementation. Please add log4j-core to the classpath. Using SimpleLogger to log to the console...
Starting Microsoft Edge WebDriver 117.0.2045.40 (1a64d4a9399846625cc98ece3dc48b04ffae70b8) on port 44304
To submit feedback, report a bug, or suggest new features, please visit https://github.com/MicrosoftEdge/EdgeWebDriver

Only local connections are allowed.
Please see https://aka.ms/WebDriverSecurity for suggestions on keeping Microsoft Edge WebDriver safe.

Microsoft Edge WebDriver was started successfully.
Sep 24, 2023 8:24:55 PM org.openqa.selenium.devtools.CdpVersionFinder findNearestMatch
WARNING: Unable to find CDP implementation matching 117
Sep 24, 2023 8:24:55 PM org.openqa.selenium.chromium.ChromiumDriver lambda$new$3
WARNING: Unable to find version of CDP to use for . You may need to include a dependency on a specific version of the CDP using something similar to `org.seleniumhq.selenium:selenium-devtools-v86:4.9.0` where the version ("v86") matches the version of the chromium-based browser you're using and the version number of the artifact is the same as Selenium's.
]]></system-err>
  </testcase>
</testsuite>