<?xml version="1.0" encoding="UTF-8"?>
<testng-results skipped="0" failed="0" ignored="0" total="1" passed="1">
  <reporter-output>
  </reporter-output>
  <suite name="Suite" duration-ms="45378" started-at="2023-09-24T20:24:45 IST" finished-at="2023-09-24T20:25:31 IST">
    <groups>
    </groups>
    <test name="Test" duration-ms="45378" started-at="2023-09-24T20:24:45 IST" finished-at="2023-09-24T20:25:31 IST">
      <class name="com.naukri.testCases.refreshTest">
        <test-method status="PASS" signature="launchChrome()[pri:0, instance:com.naukri.testCases.refreshTest@7a187f14]" name="launchChrome" is-config="true" duration-ms="25289" started-at="2023-09-24T20:24:45 IST" finished-at="2023-09-24T20:25:10 IST">
          <reporter-output>
          </reporter-output>
        </test-method> <!-- launchChrome -->
        <test-method status="PASS" signature="UpdateProfile()[pri:0, instance:com.naukri.testCases.refreshTest@7a187f14]" name="UpdateProfile" duration-ms="19573" started-at="2023-09-24T20:25:11 IST" finished-at="2023-09-24T20:25:30 IST">
          <reporter-output>
          </reporter-output>
        </test-method> <!-- UpdateProfile -->
        <test-method status="PASS" signature="tearDown()[pri:0, instance:com.naukri.testCases.refreshTest@7a187f14]" name="tearDown" is-config="true" duration-ms="419" started-at="2023-09-24T20:25:30 IST" finished-at="2023-09-24T20:25:31 IST">
          <reporter-output>
          </reporter-output>
        </test-method> <!-- tearDown -->
      </class> <!-- com.naukri.testCases.refreshTest -->
    </test> <!-- Test -->
  </suite> <!-- Suite -->
</testng-results>
